0 info it worked if it ends with ok
1 verbose cli [ '/usr/local/bin/node', '/usr/local/bin/npm', 'install', 'node' ]
2 info using npm@3.9.3
3 info using node@v6.2.1
4 silly loadCurrentTree Starting
5 silly install loadCurrentTree
6 silly install readLocalPackageData
7 silly fetchPackageMetaData node
8 silly fetchNamedPackageData node
9 silly mapToRegistry name node
10 silly mapToRegistry using default registry
11 silly mapToRegistry registry https://registry.npmjs.org/
12 silly mapToRegistry data Result {
12 silly mapToRegistry   raw: 'node',
12 silly mapToRegistry   scope: null,
12 silly mapToRegistry   name: 'node',
12 silly mapToRegistry   rawSpec: '',
12 silly mapToRegistry   spec: 'latest',
12 silly mapToRegistry   type: 'tag' }
13 silly mapToRegistry uri https://registry.npmjs.org/node
14 verbose request uri https://registry.npmjs.org/node
15 verbose request no auth needed
16 info attempt registry request try #1 at 3:43:11 AM
17 verbose request id 76478b03ac045649
18 http request GET https://registry.npmjs.org/node
19 http 200 https://registry.npmjs.org/node
20 verbose headers { 'content-type': 'application/json; charset=UTF-8',
20 verbose headers   server: 'UploadServer',
20 verbose headers   'cache-control': 'max-age=300',
20 verbose headers   'last-modified': 'Thu, 24 May 2018 1:13:10 GMT',
20 verbose headers   etag: '"5b0611a6-5f076"',
20 verbose headers   'x-npm-region': 'US-West',
20 verbose headers   'content-encoding': 'gzip',
20 verbose headers   'content-length': '63577',
20 verbose headers   'accept-ranges': 'bytes',
20 verbose headers   date: 'Thu, 24 May 2018 10:43:11 GMT',
20 verbose headers   via: '1.1 varnish',
20 verbose headers   age: '2893',
20 verbose headers   connection: 'keep-alive',
20 verbose headers   'x-served-by': 'cache-sea1021-SEA',
20 verbose headers   'x-cache': 'HIT',
20 verbose headers   'x-cache-hits': '1',
20 verbose headers   'x-timer': 'S1527158592.617819,VS0,VE1',
20 verbose headers   vary: 'Accept-Encoding, Accept' }
21 silly get cb [ 200,
21 silly get   { 'content-type': 'application/json; charset=UTF-8',
21 silly get     server: 'UploadServer',
21 silly get     'cache-control': 'max-age=300',
21 silly get     'last-modified': 'Thu, 24 May 2018 1:13:10 GMT',
21 silly get     etag: '"5b0611a6-5f076"',
21 silly get     'x-npm-region': 'US-West',
21 silly get     'content-encoding': 'gzip',
21 silly get     'content-length': '63577',
21 silly get     'accept-ranges': 'bytes',
21 silly get     date: 'Thu, 24 May 2018 10:43:11 GMT',
21 silly get     via: '1.1 varnish',
21 silly get     age: '2893',
21 silly get     connection: 'keep-alive',
21 silly get     'x-served-by': 'cache-sea1021-SEA',
21 silly get     'x-cache': 'HIT',
21 silly get     'x-cache-hits': '1',
21 silly get     'x-timer': 'S1527158592.617819,VS0,VE1',
21 silly get     vary: 'Accept-Encoding, Accept' } ]
22 verbose get saving node to /Users/MingTang/.npm/registry.npmjs.org/node/.cache.json
23 verbose correctMkdir /Users/MingTang/.npm correctMkdir not in flight; initializing
24 silly install normalizeTree
25 silly loadCurrentTree Finishing
26 silly loadIdealTree Starting
27 silly install loadIdealTree
28 silly cloneCurrentTree Starting
29 silly install cloneCurrentTreeToIdealTree
30 silly cloneCurrentTree Finishing
31 silly loadShrinkwrap Starting
32 silly install loadShrinkwrap
33 silly loadShrinkwrap Finishing
34 silly loadAllDepsIntoIdealTree Starting
35 silly install loadAllDepsIntoIdealTree
36 silly resolveWithNewModule node@10.2.0 checking installable status
37 silly cache add args [ 'node', null ]
38 verbose cache add spec node
39 silly cache add parsed spec Result {
39 silly cache add   raw: 'node',
39 silly cache add   scope: null,
39 silly cache add   name: 'node',
39 silly cache add   rawSpec: '',
39 silly cache add   spec: 'latest',
39 silly cache add   type: 'tag' }
40 silly addNamed node@latest
41 verbose addNamed "latest" is being treated as a dist-tag for node
42 info addNameTag [ 'node', 'latest' ]
43 silly mapToRegistry name node
44 silly mapToRegistry using default registry
45 silly mapToRegistry registry https://registry.npmjs.org/
46 silly mapToRegistry data Result {
46 silly mapToRegistry   raw: 'node',
46 silly mapToRegistry   scope: null,
46 silly mapToRegistry   name: 'node',
46 silly mapToRegistry   rawSpec: '',
46 silly mapToRegistry   spec: 'latest',
46 silly mapToRegistry   type: 'tag' }
47 silly mapToRegistry uri https://registry.npmjs.org/node
48 verbose addNameTag registry:https://registry.npmjs.org/node not in flight; fetching
49 verbose get https://registry.npmjs.org/node not expired, no request
50 silly addNameTag next cb for node with tag latest
51 silly addNamed node@10.2.0
52 verbose addNamed "10.2.0" is a plain semver version for node
53 silly mapToRegistry name node
54 silly mapToRegistry using default registry
55 silly mapToRegistry registry https://registry.npmjs.org/
56 silly mapToRegistry data Result {
56 silly mapToRegistry   raw: 'node',
56 silly mapToRegistry   scope: null,
56 silly mapToRegistry   name: 'node',
56 silly mapToRegistry   rawSpec: '',
56 silly mapToRegistry   spec: 'latest',
56 silly mapToRegistry   type: 'tag' }
57 silly mapToRegistry uri https://registry.npmjs.org/node
58 verbose addRemoteTarball https://registry.npmjs.org/node/-/node-10.2.0.tgz not in flight; adding
59 verbose addRemoteTarball [ 'https://registry.npmjs.org/node/-/node-10.2.0.tgz',
59 verbose addRemoteTarball   '20c94aee5d7c93fbbe5b45f3320716b60bd16f68' ]
60 info retry fetch attempt 1 at 3:43:11 AM
61 info attempt registry request try #1 at 3:43:11 AM
62 http fetch GET https://registry.npmjs.org/node/-/node-10.2.0.tgz
63 http fetch 200 https://registry.npmjs.org/node/-/node-10.2.0.tgz
64 silly fetchAndShaCheck shasum 20c94aee5d7c93fbbe5b45f3320716b60bd16f68
65 verbose addTmpTarball /var/folders/wq/f0lp7gb17dggw7pfb4w9xqc00000gn/T/npm-1525-6d984462/registry.npmjs.org/node/-/node-10.2.0.tgz not in flight; adding
66 verbose addTmpTarball already have metadata; skipping unpack for node@10.2.0
67 verbose correctMkdir /Users/MingTang/.npm correctMkdir not in flight; initializing
68 silly cache afterAdd node@10.2.0
69 verbose afterAdd /Users/MingTang/.npm/node/10.2.0/package/package.json not in flight; writing
70 verbose correctMkdir /Users/MingTang/.npm correctMkdir not in flight; initializing
71 verbose afterAdd /Users/MingTang/.npm/node/10.2.0/package/package.json written
72 silly fetchNamedPackageData node-bin-setup
73 silly mapToRegistry name node-bin-setup
74 silly mapToRegistry using default registry
75 silly mapToRegistry registry https://registry.npmjs.org/
76 silly mapToRegistry data Result {
76 silly mapToRegistry   raw: 'node-bin-setup',
76 silly mapToRegistry   scope: null,
76 silly mapToRegistry   name: 'node-bin-setup',
76 silly mapToRegistry   rawSpec: '',
76 silly mapToRegistry   spec: 'latest',
76 silly mapToRegistry   type: 'tag' }
77 silly mapToRegistry uri https://registry.npmjs.org/node-bin-setup
78 verbose request uri https://registry.npmjs.org/node-bin-setup
79 verbose request no auth needed
80 info attempt registry request try #1 at 3:43:11 AM
81 http request GET https://registry.npmjs.org/node-bin-setup
82 http 200 https://registry.npmjs.org/node-bin-setup
83 verbose headers { 'content-type': 'application/json; charset=UTF-8',
83 verbose headers   server: 'UploadServer',
83 verbose headers   'cache-control': 'max-age=300',
83 verbose headers   'last-modified': 'Tue, 25 Jul 2017 3:32:58 GMT',
83 verbose headers   etag: '"5976bbea-1511"',
83 verbose headers   'x-npm-region': 'US-West',
83 verbose headers   'content-encoding': 'gzip',
83 verbose headers   'content-length': '1464',
83 verbose headers   'accept-ranges': 'bytes',
83 verbose headers   date: 'Thu, 24 May 2018 10:43:12 GMT',
83 verbose headers   via: '1.1 varnish',
83 verbose headers   age: '0',
83 verbose headers   connection: 'keep-alive',
83 verbose headers   'x-served-by': 'cache-sea1021-SEA',
83 verbose headers   'x-cache': 'MISS',
83 verbose headers   'x-cache-hits': '0',
83 verbose headers   'x-timer': 'S1527158592.913112,VS0,VE579',
83 verbose headers   vary: 'Accept-Encoding, Accept' }
84 silly get cb [ 200,
84 silly get   { 'content-type': 'application/json; charset=UTF-8',
84 silly get     server: 'UploadServer',
84 silly get     'cache-control': 'max-age=300',
84 silly get     'last-modified': 'Tue, 25 Jul 2017 3:32:58 GMT',
84 silly get     etag: '"5976bbea-1511"',
84 silly get     'x-npm-region': 'US-West',
84 silly get     'content-encoding': 'gzip',
84 silly get     'content-length': '1464',
84 silly get     'accept-ranges': 'bytes',
84 silly get     date: 'Thu, 24 May 2018 10:43:12 GMT',
84 silly get     via: '1.1 varnish',
84 silly get     age: '0',
84 silly get     connection: 'keep-alive',
84 silly get     'x-served-by': 'cache-sea1021-SEA',
84 silly get     'x-cache': 'MISS',
84 silly get     'x-cache-hits': '0',
84 silly get     'x-timer': 'S1527158592.913112,VS0,VE579',
84 silly get     vary: 'Accept-Encoding, Accept' } ]
85 verbose get saving node-bin-setup to /Users/MingTang/.npm/registry.npmjs.org/node-bin-setup/.cache.json
86 verbose correctMkdir /Users/MingTang/.npm correctMkdir not in flight; initializing
87 silly resolveWithNewModule node-bin-setup@1.0.6 checking installable status
88 silly cache add args [ 'node-bin-setup@^1.0.0', null ]
89 verbose cache add spec node-bin-setup@^1.0.0
90 silly cache add parsed spec Result {
90 silly cache add   raw: 'node-bin-setup@^1.0.0',
90 silly cache add   scope: null,
90 silly cache add   name: 'node-bin-setup',
90 silly cache add   rawSpec: '^1.0.0',
90 silly cache add   spec: '>=1.0.0 <2.0.0',
90 silly cache add   type: 'range' }
91 silly addNamed node-bin-setup@>=1.0.0 <2.0.0
92 verbose addNamed ">=1.0.0 <2.0.0" is a valid semver range for node-bin-setup
93 silly addNameRange { name: 'node-bin-setup',
93 silly addNameRange   range: '>=1.0.0 <2.0.0',
93 silly addNameRange   hasData: false }
94 silly mapToRegistry name node-bin-setup
95 silly mapToRegistry using default registry
96 silly mapToRegistry registry https://registry.npmjs.org/
97 silly mapToRegistry data Result {
97 silly mapToRegistry   raw: 'node-bin-setup',
97 silly mapToRegistry   scope: null,
97 silly mapToRegistry   name: 'node-bin-setup',
97 silly mapToRegistry   rawSpec: '',
97 silly mapToRegistry   spec: 'latest',
97 silly mapToRegistry   type: 'tag' }
98 silly mapToRegistry uri https://registry.npmjs.org/node-bin-setup
99 verbose addNameRange registry:https://registry.npmjs.org/node-bin-setup not in flight; fetching
100 verbose get https://registry.npmjs.org/node-bin-setup not expired, no request
101 silly addNameRange number 2 { name: 'node-bin-setup',
101 silly addNameRange   range: '>=1.0.0 <2.0.0',
101 silly addNameRange   hasData: true }
102 silly addNameRange versions [ 'node-bin-setup',
102 silly addNameRange   [ '1.0.0', '1.0.1', '1.0.2', '1.0.3', '1.0.4', '1.0.6' ] ]
103 silly addNamed node-bin-setup@1.0.6
104 verbose addNamed "1.0.6" is a plain semver version for node-bin-setup
105 silly mapToRegistry name node-bin-setup
106 silly mapToRegistry using default registry
107 silly mapToRegistry registry https://registry.npmjs.org/
108 silly mapToRegistry data Result {
108 silly mapToRegistry   raw: 'node-bin-setup',
108 silly mapToRegistry   scope: null,
108 silly mapToRegistry   name: 'node-bin-setup',
108 silly mapToRegistry   rawSpec: '',
108 silly mapToRegistry   spec: 'latest',
108 silly mapToRegistry   type: 'tag' }
109 silly mapToRegistry uri https://registry.npmjs.org/node-bin-setup
110 verbose addRemoteTarball https://registry.npmjs.org/node-bin-setup/-/node-bin-setup-1.0.6.tgz not in flight; adding
111 verbose addRemoteTarball [ 'https://registry.npmjs.org/node-bin-setup/-/node-bin-setup-1.0.6.tgz',
111 verbose addRemoteTarball   '4b5c9bb937ece702d7069b36ca78af4684677528' ]
112 info retry fetch attempt 1 at 3:43:12 AM
113 info attempt registry request try #1 at 3:43:12 AM
114 http fetch GET https://registry.npmjs.org/node-bin-setup/-/node-bin-setup-1.0.6.tgz
115 http fetch 200 https://registry.npmjs.org/node-bin-setup/-/node-bin-setup-1.0.6.tgz
116 silly fetchAndShaCheck shasum 4b5c9bb937ece702d7069b36ca78af4684677528
117 verbose addTmpTarball /var/folders/wq/f0lp7gb17dggw7pfb4w9xqc00000gn/T/npm-1525-6d984462/registry.npmjs.org/node-bin-setup/-/node-bin-setup-1.0.6.tgz not in flight; adding
118 verbose addTmpTarball already have metadata; skipping unpack for node-bin-setup@1.0.6
119 verbose correctMkdir /Users/MingTang/.npm correctMkdir not in flight; initializing
120 silly cache afterAdd node-bin-setup@1.0.6
121 verbose afterAdd /Users/MingTang/.npm/node-bin-setup/1.0.6/package/package.json not in flight; writing
122 verbose correctMkdir /Users/MingTang/.npm correctMkdir not in flight; initializing
123 verbose afterAdd /Users/MingTang/.npm/node-bin-setup/1.0.6/package/package.json written
124 silly loadAllDepsIntoIdealTree Finishing
125 silly idealTree:prePrune cit-alumni-site@
125 silly idealTree:prePrune ├── @babel/runtime@7.0.0-beta.47
125 silly idealTree:prePrune ├── asap@2.0.6
125 silly idealTree:prePrune ├── bson@0.1.5
125 silly idealTree:prePrune ├── clean-css@0.8.2
125 silly idealTree:prePrune ├── coffee-script@1.4.0
125 silly idealTree:prePrune ├── colors@0.6.2
125 silly idealTree:prePrune ├── connect@1.9.2
125 silly idealTree:prePrune ├── core-js@2.5.6
125 silly idealTree:prePrune ├── cssom@0.2.5
125 silly idealTree:prePrune ├── debug@3.1.0
125 silly idealTree:prePrune ├── encoding@0.1.12
125 silly idealTree:prePrune ├── faye-websocket@0.4.0
125 silly idealTree:prePrune ├─┬ fbjs@0.8.16
125 silly idealTree:prePrune │ └── core-js@1.2.7
125 silly idealTree:prePrune ├── formidable@1.0.17
125 silly idealTree:prePrune ├── gzippo@0.1.7
125 silly idealTree:prePrune ├─┬ handlebars@1.0.7
125 silly idealTree:prePrune │ └── uglify-js@1.2.6
125 silly idealTree:prePrune ├── http-proxy@0.8.5
125 silly idealTree:prePrune ├── iconv-lite@0.4.23
125 silly idealTree:prePrune ├── is-stream@1.1.0
125 silly idealTree:prePrune ├── isomorphic-fetch@2.2.1
125 silly idealTree:prePrune ├── js-tokens@3.0.2
125 silly idealTree:prePrune ├── keypress@0.1.0
125 silly idealTree:prePrune ├── less@1.3.1
125 silly idealTree:prePrune ├── loose-envify@1.3.1
125 silly idealTree:prePrune ├── mailcomposer@0.1.15
125 silly idealTree:prePrune ├─┬ meteor-node-stubs@0.3.3
125 silly idealTree:prePrune │ ├── asn1.js@4.10.1
125 silly idealTree:prePrune │ ├── assert@1.4.1
125 silly idealTree:prePrune │ ├── base64-js@1.2.3
125 silly idealTree:prePrune │ ├── bn.js@4.11.8
125 silly idealTree:prePrune │ ├── brorand@1.1.0
125 silly idealTree:prePrune │ ├── browserify-aes@1.1.1
125 silly idealTree:prePrune │ ├── browserify-cipher@1.0.0
125 silly idealTree:prePrune │ ├── browserify-des@1.0.0
125 silly idealTree:prePrune │ ├── browserify-rsa@4.0.1
125 silly idealTree:prePrune │ ├── browserify-sign@4.0.4
125 silly idealTree:prePrune │ ├── browserify-zlib@0.1.4
125 silly idealTree:prePrune │ ├── buffer-xor@1.0.3
125 silly idealTree:prePrune │ ├── buffer@4.9.1
125 silly idealTree:prePrune │ ├── builtin-status-codes@3.0.0
125 silly idealTree:prePrune │ ├── cipher-base@1.0.4
125 silly idealTree:prePrune │ ├── console-browserify@1.1.0
125 silly idealTree:prePrune │ ├── constants-browserify@1.0.0
125 silly idealTree:prePrune │ ├── create-ecdh@4.0.0
125 silly idealTree:prePrune │ ├── create-hash@1.1.3
125 silly idealTree:prePrune │ ├── create-hmac@1.1.6
125 silly idealTree:prePrune │ ├── crypto-browserify@3.12.0
125 silly idealTree:prePrune │ ├── date-now@0.1.4
125 silly idealTree:prePrune │ ├── des.js@1.0.0
125 silly idealTree:prePrune │ ├── diffie-hellman@5.0.2
125 silly idealTree:prePrune │ ├── domain-browser@1.2.0
125 silly idealTree:prePrune │ ├── elliptic@6.4.0
125 silly idealTree:prePrune │ ├── events@1.1.1
125 silly idealTree:prePrune │ ├── evp_bytestokey@1.0.3
125 silly idealTree:prePrune │ ├── hash-base@2.0.2
125 silly idealTree:prePrune │ ├─┬ hash.js@1.1.3
125 silly idealTree:prePrune │ │ └── inherits@2.0.3
125 silly idealTree:prePrune │ ├── hmac-drbg@1.0.1
125 silly idealTree:prePrune │ ├── https-browserify@0.0.1
125 silly idealTree:prePrune │ ├── ieee754@1.1.8
125 silly idealTree:prePrune │ ├── indexof@0.0.1
125 silly idealTree:prePrune │ ├── inherits@2.0.1
125 silly idealTree:prePrune │ ├── isarray@1.0.0
125 silly idealTree:prePrune │ ├─┬ md5.js@1.3.4
125 silly idealTree:prePrune │ │ └── hash-base@3.0.4
125 silly idealTree:prePrune │ ├── miller-rabin@4.0.1
125 silly idealTree:prePrune │ ├── minimalistic-assert@1.0.0
125 silly idealTree:prePrune │ ├── minimalistic-crypto-utils@1.0.1
125 silly idealTree:prePrune │ ├── os-browserify@0.2.1
125 silly idealTree:prePrune │ ├── pako@0.2.9
125 silly idealTree:prePrune │ ├── parse-asn1@5.1.0
125 silly idealTree:prePrune │ ├── path-browserify@0.0.0
125 silly idealTree:prePrune │ ├── pbkdf2@3.0.14
125 silly idealTree:prePrune │ ├── process@0.11.10
125 silly idealTree:prePrune │ ├── public-encrypt@4.0.0
125 silly idealTree:prePrune │ ├── punycode@1.4.1
125 silly idealTree:prePrune │ ├── querystring-es3@0.2.1
125 silly idealTree:prePrune │ ├── querystring@0.2.0
125 silly idealTree:prePrune │ ├── randombytes@2.0.6
125 silly idealTree:prePrune │ ├── randomfill@1.0.4
125 silly idealTree:prePrune │ ├─┬ readable-stream@2.3.5
125 silly idealTree:prePrune │ │ └── inherits@2.0.3
125 silly idealTree:prePrune │ ├── ripemd160@2.0.1
125 silly idealTree:prePrune │ ├── safe-buffer@5.1.1
125 silly idealTree:prePrune │ ├── sha.js@2.4.10
125 silly idealTree:prePrune │ ├── stream-browserify@2.0.1
125 silly idealTree:prePrune │ ├── stream-http@2.8.0
125 silly idealTree:prePrune │ ├── string_decoder@1.1.0
125 silly idealTree:prePrune │ ├── timers-browserify@1.4.2
125 silly idealTree:prePrune │ ├── to-arraybuffer@1.0.1
125 silly idealTree:prePrune │ ├── tty-browserify@0.0.0
125 silly idealTree:prePrune │ ├─┬ url@0.11.0
125 silly idealTree:prePrune │ │ └── punycode@1.3.2
125 silly idealTree:prePrune │ ├── util@0.10.3
125 silly idealTree:prePrune │ ├── vm-browserify@0.0.4
125 silly idealTree:prePrune │ └── xtend@4.0.1
125 silly idealTree:prePrune ├── mime@1.2.7
125 silly idealTree:prePrune ├── mimelib-noiconv@0.1.9
125 silly idealTree:prePrune ├── mkdirp@0.3.5
125 silly idealTree:prePrune ├── mongodb@1.1.11
125 silly idealTree:prePrune ├── ms@2.0.0
125 silly idealTree:prePrune ├── nib@0.8.2
125 silly idealTree:prePrune ├── node-bin-setup@1.0.6
125 silly idealTree:prePrune ├── node-fetch@1.7.3
125 silly idealTree:prePrune ├── node-uuid@1.3.3
125 silly idealTree:prePrune ├── node@10.2.0
125 silly idealTree:prePrune ├── object-assign@4.1.1
125 silly idealTree:prePrune ├── optimist@0.3.5
125 silly idealTree:prePrune ├── pkginfo@0.2.3
125 silly idealTree:prePrune ├── process-nextick-args@2.0.0
125 silly idealTree:prePrune ├── progress@0.0.5
125 silly idealTree:prePrune ├── promise@7.3.1
125 silly idealTree:prePrune ├── prop-types@15.6.1
125 silly idealTree:prePrune ├── qs@6.5.2
125 silly idealTree:prePrune ├── rai@0.1.12
125 silly idealTree:prePrune ├── react-dom@16.4.0
125 silly idealTree:prePrune ├── react@16.4.0
125 silly idealTree:prePrune ├── regenerator-runtime@0.11.1
125 silly idealTree:prePrune ├─┬ request@2.12.0
125 silly idealTree:prePrune │ ├─┬ form-data@0.0.3
125 silly idealTree:prePrune │ │ ├── async@0.1.9
125 silly idealTree:prePrune │ │ └─┬ combined-stream@0.0.3
125 silly idealTree:prePrune │ │   └── delayed-stream@0.0.5
125 silly idealTree:prePrune │ └── mime@1.2.7
125 silly idealTree:prePrune ├── safer-buffer@2.1.2
125 silly idealTree:prePrune ├── semver@1.1.0
125 silly idealTree:prePrune ├── setimmediate@1.0.5
125 silly idealTree:prePrune ├── simplesmtp@0.1.25
125 silly idealTree:prePrune ├── sockjs@0.3.4
125 silly idealTree:prePrune ├── stream-buffers@0.2.3
125 silly idealTree:prePrune ├── stylus@0.30.1
125 silly idealTree:prePrune ├── ua-parser-js@0.7.18
125 silly idealTree:prePrune ├── uglify-js@1.3.4
125 silly idealTree:prePrune ├─┬ useragent@1.1.0
125 silly idealTree:prePrune │ ├── request@2.9.202
125 silly idealTree:prePrune │ └── semver@1.0.14
125 silly idealTree:prePrune ├── util-deprecate@1.0.2
125 silly idealTree:prePrune ├── whatwg-fetch@2.0.4
125 silly idealTree:prePrune ├── wordwrap@0.0.3
125 silly idealTree:prePrune ├── xoauth2@1.2.0
125 silly idealTree:prePrune └── yamlparser@0.0.2
126 silly loadIdealTree Finishing
127 silly currentTree cit-alumni-site@
127 silly currentTree ├── @babel/runtime@7.0.0-beta.47
127 silly currentTree ├── asap@2.0.6
127 silly currentTree ├── bson@0.1.5
127 silly currentTree ├── clean-css@0.8.2
127 silly currentTree ├── coffee-script@1.4.0
127 silly currentTree ├── colors@0.6.2
127 silly currentTree ├── connect@1.9.2
127 silly currentTree ├── core-js@2.5.6
127 silly currentTree ├── cssom@0.2.5
127 silly currentTree ├── debug@3.1.0
127 silly currentTree ├── encoding@0.1.12
127 silly currentTree ├── faye-websocket@0.4.0
127 silly currentTree ├─┬ fbjs@0.8.16
127 silly currentTree │ └── core-js@1.2.7
127 silly currentTree ├── formidable@1.0.17
127 silly currentTree ├── gzippo@0.1.7
127 silly currentTree ├─┬ handlebars@1.0.7
127 silly currentTree │ └── uglify-js@1.2.6
127 silly currentTree ├── http-proxy@0.8.5
127 silly currentTree ├── iconv-lite@0.4.23
127 silly currentTree ├── is-stream@1.1.0
127 silly currentTree ├── isomorphic-fetch@2.2.1
127 silly currentTree ├── js-tokens@3.0.2
127 silly currentTree ├── keypress@0.1.0
127 silly currentTree ├── less@1.3.1
127 silly currentTree ├── loose-envify@1.3.1
127 silly currentTree ├── mailcomposer@0.1.15
127 silly currentTree ├─┬ meteor-node-stubs@0.3.3
127 silly currentTree │ ├── asn1.js@4.10.1
127 silly currentTree │ ├── assert@1.4.1
127 silly currentTree │ ├── base64-js@1.2.3
127 silly currentTree │ ├── bn.js@4.11.8
127 silly currentTree │ ├── brorand@1.1.0
127 silly currentTree │ ├── browserify-aes@1.1.1
127 silly currentTree │ ├── browserify-cipher@1.0.0
127 silly currentTree │ ├── browserify-des@1.0.0
127 silly currentTree │ ├── browserify-rsa@4.0.1
127 silly currentTree │ ├── browserify-sign@4.0.4
127 silly currentTree │ ├── browserify-zlib@0.1.4
127 silly currentTree │ ├── buffer-xor@1.0.3
127 silly currentTree │ ├── buffer@4.9.1
127 silly currentTree │ ├── builtin-status-codes@3.0.0
127 silly currentTree │ ├── cipher-base@1.0.4
127 silly currentTree │ ├── console-browserify@1.1.0
127 silly currentTree │ ├── constants-browserify@1.0.0
127 silly currentTree │ ├── create-ecdh@4.0.0
127 silly currentTree │ ├── create-hash@1.1.3
127 silly currentTree │ ├── create-hmac@1.1.6
127 silly currentTree │ ├── crypto-browserify@3.12.0
127 silly currentTree │ ├── date-now@0.1.4
127 silly currentTree │ ├── des.js@1.0.0
127 silly currentTree │ ├── diffie-hellman@5.0.2
127 silly currentTree │ ├── domain-browser@1.2.0
127 silly currentTree │ ├── elliptic@6.4.0
127 silly currentTree │ ├── events@1.1.1
127 silly currentTree │ ├── evp_bytestokey@1.0.3
127 silly currentTree │ ├── hash-base@2.0.2
127 silly currentTree │ ├─┬ hash.js@1.1.3
127 silly currentTree │ │ └── inherits@2.0.3
127 silly currentTree │ ├── hmac-drbg@1.0.1
127 silly currentTree │ ├── https-browserify@0.0.1
127 silly currentTree │ ├── ieee754@1.1.8
127 silly currentTree │ ├── indexof@0.0.1
127 silly currentTree │ ├── inherits@2.0.1
127 silly currentTree │ ├── isarray@1.0.0
127 silly currentTree │ ├─┬ md5.js@1.3.4
127 silly currentTree │ │ └── hash-base@3.0.4
127 silly currentTree │ ├── miller-rabin@4.0.1
127 silly currentTree │ ├── minimalistic-assert@1.0.0
127 silly currentTree │ ├── minimalistic-crypto-utils@1.0.1
127 silly currentTree │ ├── os-browserify@0.2.1
127 silly currentTree │ ├── pako@0.2.9
127 silly currentTree │ ├── parse-asn1@5.1.0
127 silly currentTree │ ├── path-browserify@0.0.0
127 silly currentTree │ ├── pbkdf2@3.0.14
127 silly currentTree │ ├── process@0.11.10
127 silly currentTree │ ├── public-encrypt@4.0.0
127 silly currentTree │ ├── punycode@1.4.1
127 silly currentTree │ ├── querystring-es3@0.2.1
127 silly currentTree │ ├── querystring@0.2.0
127 silly currentTree │ ├── randombytes@2.0.6
127 silly currentTree │ ├── randomfill@1.0.4
127 silly currentTree │ ├─┬ readable-stream@2.3.5
127 silly currentTree │ │ └── inherits@2.0.3
127 silly currentTree │ ├── ripemd160@2.0.1
127 silly currentTree │ ├── safe-buffer@5.1.1
127 silly currentTree │ ├── sha.js@2.4.10
127 silly currentTree │ ├── stream-browserify@2.0.1
127 silly currentTree │ ├── stream-http@2.8.0
127 silly currentTree │ ├── string_decoder@1.1.0
127 silly currentTree │ ├── timers-browserify@1.4.2
127 silly currentTree │ ├── to-arraybuffer@1.0.1
127 silly currentTree │ ├── tty-browserify@0.0.0
127 silly currentTree │ ├─┬ url@0.11.0
127 silly currentTree │ │ └── punycode@1.3.2
127 silly currentTree │ ├── util@0.10.3
127 silly currentTree │ ├── vm-browserify@0.0.4
127 silly currentTree │ └── xtend@4.0.1
127 silly currentTree ├── mime@1.2.7
127 silly currentTree ├── mimelib-noiconv@0.1.9
127 silly currentTree ├── mkdirp@0.3.5
127 silly currentTree ├── mongodb@1.1.11
127 silly currentTree ├── ms@2.0.0
127 silly currentTree ├── nib@0.8.2
127 silly currentTree ├── node-fetch@1.7.3
127 silly currentTree ├── node-uuid@1.3.3
127 silly currentTree ├── object-assign@4.1.1
127 silly currentTree ├── optimist@0.3.5
127 silly currentTree ├── pkginfo@0.2.3
127 silly currentTree ├── process-nextick-args@2.0.0
127 silly currentTree ├── progress@0.0.5
127 silly currentTree ├── promise@7.3.1
127 silly currentTree ├── prop-types@15.6.1
127 silly currentTree ├── qs@6.5.2
127 silly currentTree ├── rai@0.1.12
127 silly currentTree ├── react-dom@16.4.0
127 silly currentTree ├── react@16.4.0
127 silly currentTree ├── regenerator-runtime@0.11.1
127 silly currentTree ├─┬ request@2.12.0
127 silly currentTree │ ├─┬ form-data@0.0.3
127 silly currentTree │ │ ├── async@0.1.9
127 silly currentTree │ │ └─┬ combined-stream@0.0.3
127 silly currentTree │ │   └── delayed-stream@0.0.5
127 silly currentTree │ └── mime@1.2.7
127 silly currentTree ├── safer-buffer@2.1.2
127 silly currentTree ├── semver@1.1.0
127 silly currentTree ├── setimmediate@1.0.5
127 silly currentTree ├── simplesmtp@0.1.25
127 silly currentTree ├── sockjs@0.3.4
127 silly currentTree ├── stream-buffers@0.2.3
127 silly currentTree ├── stylus@0.30.1
127 silly currentTree ├── ua-parser-js@0.7.18
127 silly currentTree ├── uglify-js@1.3.4
127 silly currentTree ├─┬ useragent@1.1.0
127 silly currentTree │ ├── request@2.9.202
127 silly currentTree │ └── semver@1.0.14
127 silly currentTree ├── util-deprecate@1.0.2
127 silly currentTree ├── whatwg-fetch@2.0.4
127 silly currentTree ├── wordwrap@0.0.3
127 silly currentTree ├── xoauth2@1.2.0
127 silly currentTree └── yamlparser@0.0.2
128 silly idealTree cit-alumni-site@
128 silly idealTree ├── @babel/runtime@7.0.0-beta.47
128 silly idealTree ├── asap@2.0.6
128 silly idealTree ├── bson@0.1.5
128 silly idealTree ├── clean-css@0.8.2
128 silly idealTree ├── coffee-script@1.4.0
128 silly idealTree ├── colors@0.6.2
128 silly idealTree ├── connect@1.9.2
128 silly idealTree ├── core-js@2.5.6
128 silly idealTree ├── cssom@0.2.5
128 silly idealTree ├── debug@3.1.0
128 silly idealTree ├── encoding@0.1.12
128 silly idealTree ├── faye-websocket@0.4.0
128 silly idealTree ├─┬ fbjs@0.8.16
128 silly idealTree │ └── core-js@1.2.7
128 silly idealTree ├── formidable@1.0.17
128 silly idealTree ├── gzippo@0.1.7
128 silly idealTree ├─┬ handlebars@1.0.7
128 silly idealTree │ └── uglify-js@1.2.6
128 silly idealTree ├── http-proxy@0.8.5
128 silly idealTree ├── iconv-lite@0.4.23
128 silly idealTree ├── is-stream@1.1.0
128 silly idealTree ├── isomorphic-fetch@2.2.1
128 silly idealTree ├── js-tokens@3.0.2
128 silly idealTree ├── keypress@0.1.0
128 silly idealTree ├── less@1.3.1
128 silly idealTree ├── loose-envify@1.3.1
128 silly idealTree ├── mailcomposer@0.1.15
128 silly idealTree ├─┬ meteor-node-stubs@0.3.3
128 silly idealTree │ ├── asn1.js@4.10.1
128 silly idealTree │ ├── assert@1.4.1
128 silly idealTree │ ├── base64-js@1.2.3
128 silly idealTree │ ├── bn.js@4.11.8
128 silly idealTree │ ├── brorand@1.1.0
128 silly idealTree │ ├── browserify-aes@1.1.1
128 silly idealTree │ ├── browserify-cipher@1.0.0
128 silly idealTree │ ├── browserify-des@1.0.0
128 silly idealTree │ ├── browserify-rsa@4.0.1
128 silly idealTree │ ├── browserify-sign@4.0.4
128 silly idealTree │ ├── browserify-zlib@0.1.4
128 silly idealTree │ ├── buffer-xor@1.0.3
128 silly idealTree │ ├── buffer@4.9.1
128 silly idealTree │ ├── builtin-status-codes@3.0.0
128 silly idealTree │ ├── cipher-base@1.0.4
128 silly idealTree │ ├── console-browserify@1.1.0
128 silly idealTree │ ├── constants-browserify@1.0.0
128 silly idealTree │ ├── create-ecdh@4.0.0
128 silly idealTree │ ├── create-hash@1.1.3
128 silly idealTree │ ├── create-hmac@1.1.6
128 silly idealTree │ ├── crypto-browserify@3.12.0
128 silly idealTree │ ├── date-now@0.1.4
128 silly idealTree │ ├── des.js@1.0.0
128 silly idealTree │ ├── diffie-hellman@5.0.2
128 silly idealTree │ ├── domain-browser@1.2.0
128 silly idealTree │ ├── elliptic@6.4.0
128 silly idealTree │ ├── events@1.1.1
128 silly idealTree │ ├── evp_bytestokey@1.0.3
128 silly idealTree │ ├── hash-base@2.0.2
128 silly idealTree │ ├─┬ hash.js@1.1.3
128 silly idealTree │ │ └── inherits@2.0.3
128 silly idealTree │ ├── hmac-drbg@1.0.1
128 silly idealTree │ ├── https-browserify@0.0.1
128 silly idealTree │ ├── ieee754@1.1.8
128 silly idealTree │ ├── indexof@0.0.1
128 silly idealTree │ ├── inherits@2.0.1
128 silly idealTree │ ├── isarray@1.0.0
128 silly idealTree │ ├─┬ md5.js@1.3.4
128 silly idealTree │ │ └── hash-base@3.0.4
128 silly idealTree │ ├── miller-rabin@4.0.1
128 silly idealTree │ ├── minimalistic-assert@1.0.0
128 silly idealTree │ ├── minimalistic-crypto-utils@1.0.1
128 silly idealTree │ ├── os-browserify@0.2.1
128 silly idealTree │ ├── pako@0.2.9
128 silly idealTree │ ├── parse-asn1@5.1.0
128 silly idealTree │ ├── path-browserify@0.0.0
128 silly idealTree │ ├── pbkdf2@3.0.14
128 silly idealTree │ ├── process@0.11.10
128 silly idealTree │ ├── public-encrypt@4.0.0
128 silly idealTree │ ├── punycode@1.4.1
128 silly idealTree │ ├── querystring-es3@0.2.1
128 silly idealTree │ ├── querystring@0.2.0
128 silly idealTree │ ├── randombytes@2.0.6
128 silly idealTree │ ├── randomfill@1.0.4
128 silly idealTree │ ├─┬ readable-stream@2.3.5
128 silly idealTree │ │ └── inherits@2.0.3
128 silly idealTree │ ├── ripemd160@2.0.1
128 silly idealTree │ ├── safe-buffer@5.1.1
128 silly idealTree │ ├── sha.js@2.4.10
128 silly idealTree │ ├── stream-browserify@2.0.1
128 silly idealTree │ ├── stream-http@2.8.0
128 silly idealTree │ ├── string_decoder@1.1.0
128 silly idealTree │ ├── timers-browserify@1.4.2
128 silly idealTree │ ├── to-arraybuffer@1.0.1
128 silly idealTree │ ├── tty-browserify@0.0.0
128 silly idealTree │ ├─┬ url@0.11.0
128 silly idealTree │ │ └── punycode@1.3.2
128 silly idealTree │ ├── util@0.10.3
128 silly idealTree │ ├── vm-browserify@0.0.4
128 silly idealTree │ └── xtend@4.0.1
128 silly idealTree ├── mime@1.2.7
128 silly idealTree ├── mimelib-noiconv@0.1.9
128 silly idealTree ├── mkdirp@0.3.5
128 silly idealTree ├── mongodb@1.1.11
128 silly idealTree ├── ms@2.0.0
128 silly idealTree ├── nib@0.8.2
128 silly idealTree ├── node-bin-setup@1.0.6
128 silly idealTree ├── node-fetch@1.7.3
128 silly idealTree ├── node-uuid@1.3.3
128 silly idealTree ├── node@10.2.0
128 silly idealTree ├── object-assign@4.1.1
128 silly idealTree ├── optimist@0.3.5
128 silly idealTree ├── pkginfo@0.2.3
128 silly idealTree ├── process-nextick-args@2.0.0
128 silly idealTree ├── progress@0.0.5
128 silly idealTree ├── promise@7.3.1
128 silly idealTree ├── prop-types@15.6.1
128 silly idealTree ├── qs@6.5.2
128 silly idealTree ├── rai@0.1.12
128 silly idealTree ├── react-dom@16.4.0
128 silly idealTree ├── react@16.4.0
128 silly idealTree ├── regenerator-runtime@0.11.1
128 silly idealTree ├─┬ request@2.12.0
128 silly idealTree │ ├─┬ form-data@0.0.3
128 silly idealTree │ │ ├── async@0.1.9
128 silly idealTree │ │ └─┬ combined-stream@0.0.3
128 silly idealTree │ │   └── delayed-stream@0.0.5
128 silly idealTree │ └── mime@1.2.7
128 silly idealTree ├── safer-buffer@2.1.2
128 silly idealTree ├── semver@1.1.0
128 silly idealTree ├── setimmediate@1.0.5
128 silly idealTree ├── simplesmtp@0.1.25
128 silly idealTree ├── sockjs@0.3.4
128 silly idealTree ├── stream-buffers@0.2.3
128 silly idealTree ├── stylus@0.30.1
128 silly idealTree ├── ua-parser-js@0.7.18
128 silly idealTree ├── uglify-js@1.3.4
128 silly idealTree ├─┬ useragent@1.1.0
128 silly idealTree │ ├── request@2.9.202
128 silly idealTree │ └── semver@1.0.14
128 silly idealTree ├── util-deprecate@1.0.2
128 silly idealTree ├── whatwg-fetch@2.0.4
128 silly idealTree ├── wordwrap@0.0.3
128 silly idealTree ├── xoauth2@1.2.0
128 silly idealTree └── yamlparser@0.0.2
129 silly generateActionsToTake Starting
130 silly install generateActionsToTake
131 silly generateActionsToTake Finishing
132 silly diffTrees action count 2
133 silly diffTrees add node-bin-setup@1.0.6
134 silly diffTrees add node@10.2.0
135 silly decomposeActions action count 16
136 silly decomposeActions fetch node-bin-setup@1.0.6
137 silly decomposeActions extract node-bin-setup@1.0.6
138 silly decomposeActions test node-bin-setup@1.0.6
139 silly decomposeActions preinstall node-bin-setup@1.0.6
140 silly decomposeActions build node-bin-setup@1.0.6
141 silly decomposeActions install node-bin-setup@1.0.6
142 silly decomposeActions postinstall node-bin-setup@1.0.6
143 silly decomposeActions finalize node-bin-setup@1.0.6
144 silly decomposeActions fetch node@10.2.0
145 silly decomposeActions extract node@10.2.0
146 silly decomposeActions test node@10.2.0
147 silly decomposeActions preinstall node@10.2.0
148 silly decomposeActions build node@10.2.0
149 silly decomposeActions install node@10.2.0
150 silly decomposeActions postinstall node@10.2.0
151 silly decomposeActions finalize node@10.2.0
152 silly executeActions Starting
153 silly install executeActions
154 silly doSerial global-install 0
155 silly doParallel fetch 2
156 verbose correctMkdir /Users/MingTang/.npm/_locks correctMkdir not in flight; initializing
157 verbose lock using /Users/MingTang/.npm/_locks/staging-f92d8a8e16b477c9.lock for /Users/MingTang/Documents/CIT-Alumni/cit-alumni-site/node_modules/.staging
158 silly doParallel extract 2
159 silly extract node-bin-setup@1.0.6
160 silly extract node@10.2.0
161 verbose unbuild node_modules/.staging/node-bin-setup-c3f97970
162 verbose unbuild node_modules/.staging/node-a377069d
163 silly gentlyRm /Users/MingTang/Documents/CIT-Alumni/cit-alumni-site/node_modules/.staging/node-bin-setup-c3f97970 is being purged from base /Users/MingTang/Documents/CIT-Alumni/cit-alumni-site
164 verbose gentlyRm don't care about contents; nuking /Users/MingTang/Documents/CIT-Alumni/cit-alumni-site/node_modules/.staging/node-bin-setup-c3f97970
165 verbose tar unpack /Users/MingTang/.npm/node-bin-setup/1.0.6/package.tgz
166 verbose tar unpacking to /Users/MingTang/Documents/CIT-Alumni/cit-alumni-site/node_modules/.staging/node-bin-setup-c3f97970
167 silly gentlyRm /Users/MingTang/Documents/CIT-Alumni/cit-alumni-site/node_modules/.staging/node-bin-setup-c3f97970 is being purged
168 verbose gentlyRm don't care about contents; nuking /Users/MingTang/Documents/CIT-Alumni/cit-alumni-site/node_modules/.staging/node-bin-setup-c3f97970
169 silly gentlyRm /Users/MingTang/Documents/CIT-Alumni/cit-alumni-site/node_modules/.staging/node-a377069d is being purged from base /Users/MingTang/Documents/CIT-Alumni/cit-alumni-site
170 verbose gentlyRm don't care about contents; nuking /Users/MingTang/Documents/CIT-Alumni/cit-alumni-site/node_modules/.staging/node-a377069d
171 silly gunzTarPerm modes [ '755', '644' ]
172 verbose tar unpack /Users/MingTang/.npm/node/10.2.0/package.tgz
173 verbose tar unpacking to /Users/MingTang/Documents/CIT-Alumni/cit-alumni-site/node_modules/.staging/node-a377069d
174 silly gentlyRm /Users/MingTang/Documents/CIT-Alumni/cit-alumni-site/node_modules/.staging/node-a377069d is being purged
175 verbose gentlyRm don't care about contents; nuking /Users/MingTang/Documents/CIT-Alumni/cit-alumni-site/node_modules/.staging/node-a377069d
176 silly gunzTarPerm modes [ '755', '644' ]
177 silly gunzTarPerm extractEntry package.json
178 silly gunzTarPerm extractEntry package.json
179 silly gunzTarPerm extractEntry index.js
180 silly gunzTarPerm extractEntry installArchSpecificPackage.js
181 silly gunzTarPerm extractEntry README.md
182 silly gentlyRm /Users/MingTang/Documents/CIT-Alumni/cit-alumni-site/node_modules/.staging/node-a377069d/node_modules is being purged
183 verbose gentlyRm don't care about contents; nuking /Users/MingTang/Documents/CIT-Alumni/cit-alumni-site/node_modules/.staging/node-a377069d/node_modules
184 silly gentlyRm /Users/MingTang/Documents/CIT-Alumni/cit-alumni-site/node_modules/.staging/node-bin-setup-c3f97970/node_modules is being purged
185 verbose gentlyRm don't care about contents; nuking /Users/MingTang/Documents/CIT-Alumni/cit-alumni-site/node_modules/.staging/node-bin-setup-c3f97970/node_modules
186 silly doParallel preinstall 2
187 silly preinstall node-bin-setup@1.0.6 /Users/MingTang/Documents/CIT-Alumni/cit-alumni-site/node_modules/.staging/node-bin-setup-c3f97970
188 info lifecycle node-bin-setup@1.0.6~preinstall: node-bin-setup@1.0.6
189 silly preinstall node@10.2.0 /Users/MingTang/Documents/CIT-Alumni/cit-alumni-site/node_modules/.staging/node-a377069d
190 info lifecycle node@10.2.0~preinstall: node@10.2.0
191 silly lifecycle node-bin-setup@1.0.6~preinstall: no script for preinstall, continuing
192 verbose lifecycle node@10.2.0~preinstall: unsafe-perm in lifecycle true
193 verbose lifecycle node@10.2.0~preinstall: PATH: /usr/local/lib/node_modules/npm/bin/node-gyp-bin:/Users/MingTang/Documents/CIT-Alumni/cit-alumni-site/node_modules/.staging/node-a377069d/node_modules/.bin:/Users/MingTang/Documents/CIT-Alumni/cit-alumni-site/node_modules/.bin:/usr/local/bin:/usr/local/bin:/usr/bin:/bin:/usr/sbin:/sbin:/Applications/Wireshark.app/Contents/MacOS
194 verbose lifecycle node@10.2.0~preinstall: CWD: /Users/MingTang/Documents/CIT-Alumni/cit-alumni-site/node_modules/.staging/node-a377069d
195 silly lifecycle node@10.2.0~preinstall: Args: [ '-c', 'node installArchSpecificPackage' ]
196 silly lifecycle node@10.2.0~preinstall: Returned: code: 1  signal: null
197 info lifecycle node@10.2.0~preinstall: Failed to exec preinstall script
198 verbose unlock done using /Users/MingTang/.npm/_locks/staging-f92d8a8e16b477c9.lock for /Users/MingTang/Documents/CIT-Alumni/cit-alumni-site/node_modules/.staging
199 silly rollbackFailedOptional Starting
200 silly rollbackFailedOptional Finishing
201 silly runTopLevelLifecycles Starting
202 silly runTopLevelLifecycles Finishing
203 silly install printInstalled
204 verbose stack Error: node@10.2.0 preinstall: `node installArchSpecificPackage`
204 verbose stack Exit status 1
204 verbose stack     at EventEmitter.<anonymous> (/usr/local/lib/node_modules/npm/lib/utils/lifecycle.js:245:16)
204 verbose stack     at emitTwo (events.js:106:13)
204 verbose stack     at EventEmitter.emit (events.js:191:7)
204 verbose stack     at ChildProcess.<anonymous> (/usr/local/lib/node_modules/npm/lib/utils/spawn.js:24:14)
204 verbose stack     at emitTwo (events.js:106:13)
204 verbose stack     at ChildProcess.emit (events.js:191:7)
204 verbose stack     at maybeClose (internal/child_process.js:852:16)
204 verbose stack     at Process.ChildProcess._handle.onexit (internal/child_process.js:215:5)
205 verbose pkgid node@10.2.0
206 verbose cwd /Users/MingTang/Documents/CIT-Alumni/cit-alumni-site
207 error Darwin 17.5.0
208 error argv "/usr/local/bin/node" "/usr/local/bin/npm" "install" "node"
209 error node v6.2.1
210 error npm  v3.9.3
211 error code ELIFECYCLE
212 error node@10.2.0 preinstall: `node installArchSpecificPackage`
212 error Exit status 1
213 error Failed at the node@10.2.0 preinstall script 'node installArchSpecificPackage'.
213 error Make sure you have the latest version of node.js and npm installed.
213 error If you do, this is most likely a problem with the node package,
213 error not with npm itself.
213 error Tell the author that this fails on your system:
213 error     node installArchSpecificPackage
213 error You can get information on how to open an issue for this project with:
213 error     npm bugs node
213 error Or if that isn't available, you can get their info via:
213 error     npm owner ls node
213 error There is likely additional logging output above.
214 verbose exit [ 1, true ]
